  main.cpp
D:\Purdue\2020Fall\CS334\Program6\Program6\Program6\main.cpp(58,31): warning C4244: “参数”: 从“double”转换到“GLfloat”，可能丢失数据
D:\Purdue\2020Fall\CS334\Program6\Program6\Program6\main.cpp(58,26): warning C4244: “参数”: 从“double”转换到“GLfloat”，可能丢失数据
D:\Purdue\2020Fall\CS334\Program6\Program6\Program6\main.cpp(58,21): warning C4244: “参数”: 从“double”转换到“GLfloat”，可能丢失数据
D:\Purdue\2020Fall\CS334\Program6\Program6\Program6\main.cpp(60,31): warning C4244: “参数”: 从“double”转换到“GLfloat”，可能丢失数据
D:\Purdue\2020Fall\CS334\Program6\Program6\Program6\main.cpp(60,26): warning C4244: “参数”: 从“double”转换到“GLfloat”，可能丢失数据
D:\Purdue\2020Fall\CS334\Program6\Program6\Program6\main.cpp(60,21): warning C4244: “参数”: 从“double”转换到“GLfloat”，可能丢失数据
D:\Purdue\2020Fall\CS334\Program6\Program6\Program6\main.cpp(62,31): warning C4244: “参数”: 从“double”转换到“GLfloat”，可能丢失数据
D:\Purdue\2020Fall\CS334\Program6\Program6\Program6\main.cpp(62,26): warning C4244: “参数”: 从“double”转换到“GLfloat”，可能丢失数据
D:\Purdue\2020Fall\CS334\Program6\Program6\Program6\main.cpp(62,21): warning C4244: “参数”: 从“double”转换到“GLfloat”，可能丢失数据
D:\Purdue\2020Fall\CS334\Program6\Program6\Program6\main.cpp(80,35): warning C4244: “参数”: 从“double”转换到“GLfloat”，可能丢失数据
D:\Purdue\2020Fall\CS334\Program6\Program6\Program6\main.cpp(80,30): warning C4244: “参数”: 从“double”转换到“GLfloat”，可能丢失数据
D:\Purdue\2020Fall\CS334\Program6\Program6\Program6\main.cpp(80,25): warning C4244: “参数”: 从“double”转换到“GLfloat”，可能丢失数据
D:\Purdue\2020Fall\CS334\Program6\Program6\Program6\main.cpp(81,35): warning C4244: “参数”: 从“double”转换到“GLfloat”，可能丢失数据
D:\Purdue\2020Fall\CS334\Program6\Program6\Program6\main.cpp(81,30): warning C4244: “参数”: 从“double”转换到“GLfloat”，可能丢失数据
D:\Purdue\2020Fall\CS334\Program6\Program6\Program6\main.cpp(81,25): warning C4244: “参数”: 从“double”转换到“GLfloat”，可能丢失数据
D:\Purdue\2020Fall\CS334\Program6\Program6\Program6\main.cpp(82,35): warning C4244: “参数”: 从“double”转换到“GLfloat”，可能丢失数据
D:\Purdue\2020Fall\CS334\Program6\Program6\Program6\main.cpp(82,30): warning C4244: “参数”: 从“double”转换到“GLfloat”，可能丢失数据
D:\Purdue\2020Fall\CS334\Program6\Program6\Program6\main.cpp(82,25): warning C4244: “参数”: 从“double”转换到“GLfloat”，可能丢失数据
D:\Purdue\2020Fall\CS334\Program6\Program6\Program6\main.cpp(83,35): warning C4244: “参数”: 从“double”转换到“GLfloat”，可能丢失数据
D:\Purdue\2020Fall\CS334\Program6\Program6\Program6\main.cpp(83,30): warning C4244: “参数”: 从“double”转换到“GLfloat”，可能丢失数据
D:\Purdue\2020Fall\CS334\Program6\Program6\Program6\main.cpp(83,25): warning C4244: “参数”: 从“double”转换到“GLfloat”，可能丢失数据
D:\Purdue\2020Fall\CS334\Program6\Program6\Program6\main.cpp(101,31): warning C4244: “参数”: 从“double”转换到“GLfloat”，可能丢失数据
D:\Purdue\2020Fall\CS334\Program6\Program6\Program6\main.cpp(101,26): warning C4244: “参数”: 从“double”转换到“GLfloat”，可能丢失数据
D:\Purdue\2020Fall\CS334\Program6\Program6\Program6\main.cpp(101,21): warning C4244: “参数”: 从“double”转换到“GLfloat”，可能丢失数据
D:\Purdue\2020Fall\CS334\Program6\Program6\Program6\main.cpp(102,31): warning C4244: “参数”: 从“double”转换到“GLfloat”，可能丢失数据
D:\Purdue\2020Fall\CS334\Program6\Program6\Program6\main.cpp(102,26): warning C4244: “参数”: 从“double”转换到“GLfloat”，可能丢失数据
D:\Purdue\2020Fall\CS334\Program6\Program6\Program6\main.cpp(102,21): warning C4244: “参数”: 从“double”转换到“GLfloat”，可能丢失数据
D:\Purdue\2020Fall\CS334\Program6\Program6\Program6\main.cpp(103,31): warning C4244: “参数”: 从“double”转换到“GLfloat”，可能丢失数据
D:\Purdue\2020Fall\CS334\Program6\Program6\Program6\main.cpp(103,26): warning C4244: “参数”: 从“double”转换到“GLfloat”，可能丢失数据
D:\Purdue\2020Fall\CS334\Program6\Program6\Program6\main.cpp(103,21): warning C4244: “参数”: 从“double”转换到“GLfloat”，可能丢失数据
D:\Purdue\2020Fall\CS334\Program6\Program6\Program6\main.cpp(113,30): warning C4244: “参数”: 从“double”转换到“GLfloat”，可能丢失数据
D:\Purdue\2020Fall\CS334\Program6\Program6\Program6\main.cpp(113,24): warning C4244: “参数”: 从“double”转换到“GLfloat”，可能丢失数据
D:\Purdue\2020Fall\CS334\Program6\Program6\Program6\main.cpp(113,18): warning C4244: “参数”: 从“double”转换到“GLfloat”，可能丢失数据
D:\Purdue\2020Fall\CS334\Program6\Program6\Program6\main.cpp(114,30): warning C4244: “参数”: 从“double”转换到“GLfloat”，可能丢失数据
D:\Purdue\2020Fall\CS334\Program6\Program6\Program6\main.cpp(114,24): warning C4244: “参数”: 从“double”转换到“GLfloat”，可能丢失数据
D:\Purdue\2020Fall\CS334\Program6\Program6\Program6\main.cpp(114,18): warning C4244: “参数”: 从“double”转换到“GLfloat”，可能丢失数据
D:\Purdue\2020Fall\CS334\Program6\Program6\Program6\main.cpp(125,31): warning C4244: “参数”: 从“double”转换到“GLfloat”，可能丢失数据
D:\Purdue\2020Fall\CS334\Program6\Program6\Program6\main.cpp(125,26): warning C4244: “参数”: 从“double”转换到“GLfloat”，可能丢失数据
D:\Purdue\2020Fall\CS334\Program6\Program6\Program6\main.cpp(125,21): warning C4244: “参数”: 从“double”转换到“GLfloat”，可能丢失数据
D:\Purdue\2020Fall\CS334\Program6\Program6\Program6\main.cpp(126,31): warning C4244: “参数”: 从“double”转换到“GLfloat”，可能丢失数据
D:\Purdue\2020Fall\CS334\Program6\Program6\Program6\main.cpp(126,26): warning C4244: “参数”: 从“double”转换到“GLfloat”，可能丢失数据
D:\Purdue\2020Fall\CS334\Program6\Program6\Program6\main.cpp(126,21): warning C4244: “参数”: 从“double”转换到“GLfloat”，可能丢失数据
D:\Purdue\2020Fall\CS334\Program6\Program6\Program6\main.cpp(138,31): warning C4244: “参数”: 从“double”转换到“GLfloat”，可能丢失数据
D:\Purdue\2020Fall\CS334\Program6\Program6\Program6\main.cpp(138,26): warning C4244: “参数”: 从“double”转换到“GLfloat”，可能丢失数据
D:\Purdue\2020Fall\CS334\Program6\Program6\Program6\main.cpp(138,21): warning C4244: “参数”: 从“double”转换到“GLfloat”，可能丢失数据
D:\Purdue\2020Fall\CS334\Program6\Program6\Program6\main.cpp(139,31): warning C4244: “参数”: 从“double”转换到“GLfloat”，可能丢失数据
D:\Purdue\2020Fall\CS334\Program6\Program6\Program6\main.cpp(139,26): warning C4244: “参数”: 从“double”转换到“GLfloat”，可能丢失数据
D:\Purdue\2020Fall\CS334\Program6\Program6\Program6\main.cpp(139,21): warning C4244: “参数”: 从“double”转换到“GLfloat”，可能丢失数据
D:\Purdue\2020Fall\CS334\Program6\Program6\Program6\main.cpp(154,43): warning C4244: “参数”: 从“double”转换到“GLfloat”，可能丢失数据
D:\Purdue\2020Fall\CS334\Program6\Program6\Program6\main.cpp(154,34): warning C4244: “参数”: 从“double”转换到“GLfloat”，可能丢失数据
D:\Purdue\2020Fall\CS334\Program6\Program6\Program6\main.cpp(154,25): warning C4244: “参数”: 从“double”转换到“GLfloat”，可能丢失数据
D:\Purdue\2020Fall\CS334\Program6\Program6\Program6\main.cpp(172,32): warning C4244: “参数”: 从“double”转换到“GLfloat”，可能丢失数据
D:\Purdue\2020Fall\CS334\Program6\Program6\Program6\main.cpp(172,28): warning C4244: “参数”: 从“double”转换到“GLfloat”，可能丢失数据
D:\Purdue\2020Fall\CS334\Program6\Program6\Program6\main.cpp(172,24): warning C4244: “参数”: 从“double”转换到“GLfloat”，可能丢失数据
D:\Purdue\2020Fall\CS334\Program6\Program6\Program6\main.cpp(229,43): warning C4244: “参数”: 从“double”转换到“GLfloat”，可能丢失数据
D:\Purdue\2020Fall\CS334\Program6\Program6\Program6\main.cpp(229,34): warning C4244: “参数”: 从“double”转换到“GLfloat”，可能丢失数据
D:\Purdue\2020Fall\CS334\Program6\Program6\Program6\main.cpp(229,25): warning C4244: “参数”: 从“double”转换到“GLfloat”，可能丢失数据
D:\Purdue\2020Fall\CS334\Program6\Program6\Program6\main.cpp(250,32): warning C4244: “参数”: 从“double”转换到“GLfloat”，可能丢失数据
D:\Purdue\2020Fall\CS334\Program6\Program6\Program6\main.cpp(250,28): warning C4244: “参数”: 从“double”转换到“GLfloat”，可能丢失数据
D:\Purdue\2020Fall\CS334\Program6\Program6\Program6\main.cpp(250,24): warning C4244: “参数”: 从“double”转换到“GLfloat”，可能丢失数据
D:\Purdue\2020Fall\CS334\Program6\Program6\Program6\main.cpp(260,28): warning C4244: “参数”: 从“double”转换到“GLfloat”，可能丢失数据
D:\Purdue\2020Fall\CS334\Program6\Program6\Program6\main.cpp(260,24): warning C4244: “参数”: 从“double”转换到“GLfloat”，可能丢失数据
D:\Purdue\2020Fall\CS334\Program6\Program6\Program6\main.cpp(260,20): warning C4244: “参数”: 从“double”转换到“GLfloat”，可能丢失数据
D:\Purdue\2020Fall\CS334\Program6\Program6\Program6\main.cpp(273,43): warning C4244: “参数”: 从“double”转换到“GLfloat”，可能丢失数据
D:\Purdue\2020Fall\CS334\Program6\Program6\Program6\main.cpp(273,34): warning C4244: “参数”: 从“double”转换到“GLfloat”，可能丢失数据
D:\Purdue\2020Fall\CS334\Program6\Program6\Program6\main.cpp(273,25): warning C4244: “参数”: 从“double”转换到“GLfloat”，可能丢失数据
D:\Purdue\2020Fall\CS334\Program6\Program6\Program6\main.cpp(296,32): warning C4244: “参数”: 从“double”转换到“GLfloat”，可能丢失数据
D:\Purdue\2020Fall\CS334\Program6\Program6\Program6\main.cpp(296,28): warning C4244: “参数”: 从“double”转换到“GLfloat”，可能丢失数据
D:\Purdue\2020Fall\CS334\Program6\Program6\Program6\main.cpp(296,24): warning C4244: “参数”: 从“double”转换到“GLfloat”，可能丢失数据
D:\Purdue\2020Fall\CS334\Program6\Program6\Program6\main.cpp(307,32): warning C4244: “参数”: 从“double”转换到“GLfloat”，可能丢失数据
D:\Purdue\2020Fall\CS334\Program6\Program6\Program6\main.cpp(307,28): warning C4244: “参数”: 从“double”转换到“GLfloat”，可能丢失数据
D:\Purdue\2020Fall\CS334\Program6\Program6\Program6\main.cpp(307,24): warning C4244: “参数”: 从“double”转换到“GLfloat”，可能丢失数据
D:\Purdue\2020Fall\CS334\Program6\Program6\Program6\main.cpp(329,32): warning C4244: “参数”: 从“double”转换到“GLfloat”，可能丢失数据
D:\Purdue\2020Fall\CS334\Program6\Program6\Program6\main.cpp(329,28): warning C4244: “参数”: 从“double”转换到“GLfloat”，可能丢失数据
D:\Purdue\2020Fall\CS334\Program6\Program6\Program6\main.cpp(329,24): warning C4244: “参数”: 从“double”转换到“GLfloat”，可能丢失数据
D:\Purdue\2020Fall\CS334\Program6\Program6\Program6\main.cpp(353,28): warning C4244: “参数”: 从“double”转换到“GLfloat”，可能丢失数据
D:\Purdue\2020Fall\CS334\Program6\Program6\Program6\main.cpp(353,24): warning C4244: “参数”: 从“double”转换到“GLfloat”，可能丢失数据
D:\Purdue\2020Fall\CS334\Program6\Program6\Program6\main.cpp(353,20): warning C4244: “参数”: 从“double”转换到“GLfloat”，可能丢失数据
D:\Purdue\2020Fall\CS334\Program6\Program6\Program6\main.cpp(365,76): warning C4244: “参数”: 从“double”转换到“GLfloat”，可能丢失数据
D:\Purdue\2020Fall\CS334\Program6\Program6\Program6\main.cpp(365,56): warning C4244: “参数”: 从“double”转换到“GLfloat”，可能丢失数据
D:\Purdue\2020Fall\CS334\Program6\Program6\Program6\main.cpp(365,36): warning C4244: “参数”: 从“double”转换到“GLfloat”，可能丢失数据
D:\Purdue\2020Fall\CS334\Program6\Program6\Program6\main.cpp(385,32): warning C4244: “参数”: 从“double”转换到“GLfloat”，可能丢失数据
D:\Purdue\2020Fall\CS334\Program6\Program6\Program6\main.cpp(385,28): warning C4244: “参数”: 从“double”转换到“GLfloat”，可能丢失数据
D:\Purdue\2020Fall\CS334\Program6\Program6\Program6\main.cpp(385,24): warning C4244: “参数”: 从“double”转换到“GLfloat”，可能丢失数据
D:\Purdue\2020Fall\CS334\Program6\Program6\Program6\main.cpp(412,76): warning C4244: “参数”: 从“double”转换到“GLfloat”，可能丢失数据
D:\Purdue\2020Fall\CS334\Program6\Program6\Program6\main.cpp(412,56): warning C4244: “参数”: 从“double”转换到“GLfloat”，可能丢失数据
D:\Purdue\2020Fall\CS334\Program6\Program6\Program6\main.cpp(412,36): warning C4244: “参数”: 从“double”转换到“GLfloat”，可能丢失数据
D:\Purdue\2020Fall\CS334\Program6\Program6\Program6\main.cpp(494,33): warning C4244: “参数”: 从“double”转换到“GLint”，可能丢失数据
D:\Purdue\2020Fall\CS334\Program6\Program6\Program6\main.cpp(494,27): warning C4244: “参数”: 从“double”转换到“GLint”，可能丢失数据
D:\Purdue\2020Fall\CS334\Program6\Program6\Program6\main.cpp(547,65): warning C4244: “参数”: 从“double”转换到“GLfloat”，可能丢失数据
D:\Purdue\2020Fall\CS334\Program6\Program6\Program6\main.cpp(547,50): warning C4244: “参数”: 从“double”转换到“GLfloat”，可能丢失数据
D:\Purdue\2020Fall\CS334\Program6\Program6\Program6\main.cpp(547,35): warning C4244: “参数”: 从“double”转换到“GLfloat”，可能丢失数据
D:\Purdue\2020Fall\CS334\Program6\Program6\Program6\main.cpp(567,17): warning C4244: “初始化”: 从“double”转换到“float”，可能丢失数据
D:\Purdue\2020Fall\CS334\Program6\Program6\Program6\main.cpp(575,64): warning C4244: “参数”: 从“double”转换到“float”，可能丢失数据
D:\Purdue\2020Fall\CS334\Program6\Program6\Program6\main.cpp(575,58): warning C4244: “参数”: 从“double”转换到“float”，可能丢失数据
D:\Purdue\2020Fall\CS334\Program6\Program6\Program6\main.cpp(575,52): warning C4244: “参数”: 从“double”转换到“float”，可能丢失数据
D:\Purdue\2020Fall\CS334\Program6\Program6\Program6\main.cpp(575,43): warning C4244: “参数”: 从“double”转换到“float”，可能丢失数据
D:\Purdue\2020Fall\CS334\Program6\Program6\Program6\main.cpp(580,80): warning C4244: “参数”: 从“double”转换到“float”，可能丢失数据
D:\Purdue\2020Fall\CS334\Program6\Program6\Program6\main.cpp(580,74): warning C4244: “参数”: 从“double”转换到“float”，可能丢失数据
D:\Purdue\2020Fall\CS334\Program6\Program6\Program6\main.cpp(580,68): warning C4244: “参数”: 从“double”转换到“float”，可能丢失数据
D:\Purdue\2020Fall\CS334\Program6\Program6\Program6\main.cpp(580,54): warning C4244: “参数”: 从“double”转换到“float”，可能丢失数据
D:\Purdue\2020Fall\CS334\Program6\Program6\Program6\main.cpp(593,86): warning C4244: “参数”: 从“double”转换到“float”，可能丢失数据
D:\Purdue\2020Fall\CS334\Program6\Program6\Program6\main.cpp(593,80): warning C4244: “参数”: 从“double”转换到“float”，可能丢失数据
D:\Purdue\2020Fall\CS334\Program6\Program6\Program6\main.cpp(593,74): warning C4244: “参数”: 从“double”转换到“float”，可能丢失数据
D:\Purdue\2020Fall\CS334\Program6\Program6\Program6\main.cpp(593,54): warning C4244: “参数”: 从“double”转换到“float”，可能丢失数据
D:\Purdue\2020Fall\CS334\Program6\Program6\Program6\main.cpp(598,102): warning C4244: “参数”: 从“double”转换到“float”，可能丢失数据
D:\Purdue\2020Fall\CS334\Program6\Program6\Program6\main.cpp(598,96): warning C4244: “参数”: 从“double”转换到“float”，可能丢失数据
D:\Purdue\2020Fall\CS334\Program6\Program6\Program6\main.cpp(598,90): warning C4244: “参数”: 从“double”转换到“float”，可能丢失数据
D:\Purdue\2020Fall\CS334\Program6\Program6\Program6\main.cpp(598,65): warning C4244: “参数”: 从“double”转换到“float”，可能丢失数据
D:\Purdue\2020Fall\CS334\Program6\Program6\Program6\main.cpp(617,51): warning C4244: “参数”: 从“int”转换到“float”，可能丢失数据
D:\Purdue\2020Fall\CS334\Program6\Program6\Program6\main.cpp(617,43): warning C4244: “参数”: 从“int”转换到“float”，可能丢失数据
D:\Purdue\2020Fall\CS334\Program6\Program6\Program6\main.cpp(618,69): warning C4244: “参数”: 从“int”转换到“float”，可能丢失数据
D:\Purdue\2020Fall\CS334\Program6\Program6\Program6\main.cpp(618,59): warning C4244: “参数”: 从“int”转换到“float”，可能丢失数据
D:\Purdue\2020Fall\CS334\Program6\Program6\Program6\main.cpp(618,51): warning C4244: “参数”: 从“int”转换到“float”，可能丢失数据
D:\Purdue\2020Fall\CS334\Program6\Program6\Program6\main.cpp(618,43): warning C4244: “参数”: 从“int”转换到“float”，可能丢失数据
D:\Purdue\2020Fall\CS334\Program6\Program6\Program6\main.cpp(629,25): warning C4244: “=”: 从“double”转换到“float”，可能丢失数据
D:\Purdue\2020Fall\CS334\Program6\Program6\Program6\main.cpp(630,25): warning C4244: “=”: 从“double”转换到“float”，可能丢失数据
D:\Purdue\2020Fall\CS334\Program6\Program6\Program6\main.cpp(631,25): warning C4244: “=”: 从“double”转换到“float”，可能丢失数据
D:\Purdue\2020Fall\CS334\Program6\Program6\Program6\main.cpp(635,20): warning C4244: “=”: 从“double”转换到“float”，可能丢失数据
D:\Purdue\2020Fall\CS334\Program6\Program6\Program6\main.cpp(654,21): warning C4244: “初始化”: 从“double”转换到“float”，可能丢失数据
D:\Purdue\2020Fall\CS334\Program6\Program6\Program6\main.cpp(661,64): warning C4244: “参数”: 从“double”转换到“float”，可能丢失数据
D:\Purdue\2020Fall\CS334\Program6\Program6\Program6\main.cpp(661,58): warning C4244: “参数”: 从“double”转换到“float”，可能丢失数据
D:\Purdue\2020Fall\CS334\Program6\Program6\Program6\main.cpp(661,52): warning C4244: “参数”: 从“double”转换到“float”，可能丢失数据
D:\Purdue\2020Fall\CS334\Program6\Program6\Program6\main.cpp(661,43): warning C4244: “参数”: 从“double”转换到“float”，可能丢失数据
D:\Purdue\2020Fall\CS334\Program6\Program6\Program6\main.cpp(666,80): warning C4244: “参数”: 从“double”转换到“float”，可能丢失数据
D:\Purdue\2020Fall\CS334\Program6\Program6\Program6\main.cpp(666,74): warning C4244: “参数”: 从“double”转换到“float”，可能丢失数据
D:\Purdue\2020Fall\CS334\Program6\Program6\Program6\main.cpp(666,68): warning C4244: “参数”: 从“double”转换到“float”，可能丢失数据
D:\Purdue\2020Fall\CS334\Program6\Program6\Program6\main.cpp(666,54): warning C4244: “参数”: 从“double”转换到“float”，可能丢失数据
D:\Purdue\2020Fall\CS334\Program6\Program6\Program6\main.cpp(677,21): warning C4244: “初始化”: 从“double”转换到“float”，可能丢失数据
D:\Purdue\2020Fall\CS334\Program6\Program6\Program6\main.cpp(704,29): warning C4244: “=”: 从“double”转换到“float”，可能丢失数据
D:\Purdue\2020Fall\CS334\Program6\Program6\Program6\main.cpp(705,29): warning C4244: “=”: 从“double”转换到“float”，可能丢失数据
D:\Purdue\2020Fall\CS334\Program6\Program6\Program6\main.cpp(706,29): warning C4244: “=”: 从“double”转换到“float”，可能丢失数据
D:\Purdue\2020Fall\CS334\Program6\Program6\Program6\main.cpp(710,24): warning C4244: “=”: 从“double”转换到“float”，可能丢失数据
  Program6.vcxproj -> D:\Purdue\2020Fall\CS334\Program6\Program6\x64\Debug\Program6.exe
